app/build/intermediates/manifest_merge_blame_file/release/manifest-merger-blame-release-report.txt
1<?xml version="1.0" encoding="utf-8"?>
2<manifest xmlns:android="http://schemas.android.com/apk/res/android"
3    xmlns:dist="http://schemas.android.com/apk/distribution"
4    package="com.shijingfeng.open_source_collection_kotlin"
5    android:versionCode="1"
6    android:versionName="1.0.0" >
7
8    <uses-sdk
9        android:minSdkVersion="21"
9-->src\main\AndroidManifest.xml
10        android:targetSdkVersion="29" />
10-->src\main\AndroidManifest.xml
11
12    <dist:module dist:instant="true" />
12-->src\main\AndroidManifest.xml:7:5-40
12-->src\main\AndroidManifest.xml:7:18-37
13
14    <!-- 网络权限 -->
15    <uses-permission android:name="android.permission.INTERNET" /> <!-- 网络状态权限 -->
15-->[:wan_android] AndroidManifest.xml:14:5-67
15-->[:wan_android] AndroidManifest.xml:14:22-64
16    <uses-permission android:name="android.permission.ACCESS_NETWORK_STATE" /> <!-- WIFI状态权限 -->
16-->[:wan_android] AndroidManifest.xml:16:5-79
16-->[:wan_android] AndroidManifest.xml:16:22-76
17    <uses-permission android:name="android.permission.ACCESS_WIFI_STATE" /> <!-- 读取外部存储权限 -->
17-->[:wan_android] AndroidManifest.xml:18:5-76
17-->[:wan_android] AndroidManifest.xml:18:22-73
18    <uses-permission android:name="android.permission.READ_EXTERNAL_STORAGE" /> <!-- 写入外部存储权限 -->
18-->[:wan_android] AndroidManifest.xml:20:5-80
18-->[:wan_android] AndroidManifest.xml:20:22-77
19    <uses-permission android:name="android.permission.WRITE_EXTERNAL_STORAGE" /> <!-- 读取手机状态权限 -->
19-->[:wan_android] AndroidManifest.xml:22:5-81
19-->[:wan_android] AndroidManifest.xml:22:22-78
20    <uses-permission android:name="android.permission.READ_PHONE_STATE" /> <!-- 读取设置权限 -->
20-->[:wan_android] AndroidManifest.xml:24:5-75
20-->[:wan_android] AndroidManifest.xml:24:22-72
21    <uses-permission android:name="android.permission.READ_SETTINGS" /> <!-- 保持CPU 运转，屏幕和键盘灯有可能是关闭的,用于文件上传和下载 -->
21-->[:wan_android] AndroidManifest.xml:26:5-72
21-->[:wan_android] AndroidManifest.xml:26:22-69
22    <uses-permission android:name="android.permission.WAKE_LOCK" /> <!-- 写入设置权限 -->
22-->[:wan_android] AndroidManifest.xml:28:5-68
22-->[:wan_android] AndroidManifest.xml:28:22-65
23    <uses-permission android:name="android.permission.WRITE_SETTINGS" /> <!-- 挂载外部存储权限 -->
23-->[:wan_android] AndroidManifest.xml:31:5-33:47
23-->[:wan_android] AndroidManifest.xml:32:9-57
24    <uses-permission android:name="android.permission.MOUNT_UNMOUNT_FILESYSTEMS" /> <!-- 硬件加速对X5视频播放非常重要，建议开启 -->
24-->[:wan_android] AndroidManifest.xml:35:5-37:47
24-->[:wan_android] AndroidManifest.xml:36:9-68
25    <uses-permission android:name="android.permission.GET_TASKS" />
25-->[:wan_android] AndroidManifest.xml:40:5-68
25-->[:wan_android] AndroidManifest.xml:40:22-65
26    <uses-permission android:name="android.permission.REQUEST_INSTALL_PACKAGES" /> <!-- 相机权限 -->
26-->[:background_service] AndroidManifest.xml:12:5-83
26-->[:background_service] AndroidManifest.xml:12:22-80
27    <uses-permission android:name="android.permission.CAMERA" />
27-->[:base] AndroidManifest.xml:19:5-65
27-->[:base] AndroidManifest.xml:19:22-62
28    <uses-permission android:name="android.permission.RECEIVE_BOOT_COMPLETED" />
28-->[androidx.work:work-runtime:2.3.1] AndroidManifest.xml:27:5-81
28-->[androidx.work:work-runtime:2.3.1] AndroidManifest.xml:27:22-78
29    <uses-permission android:name="android.permission.FOREGROUND_SERVICE" /> <!-- Required by older versions of Google Play services to create GCM registration tokens -->
29-->[androidx.work:work-runtime:2.3.1] AndroidManifest.xml:28:5-77
29-->[androidx.work:work-runtime:2.3.1] AndroidManifest.xml:28:22-74
30    <uses-permission android:name="com.google.android.c2dm.permission.RECEIVE" />
30-->[com.google.android.gms:play-services-gcm:17.0.0] AndroidManifest.xml:23:5-82
30-->[com.google.android.gms:play-services-gcm:17.0.0] AndroidManifest.xml:23:22-79
31    <uses-permission android:name="android.permission.REORDER_TASKS" />
31-->[androidx.test:core:1.2.0] AndroidManifest.xml:24:5-72
31-->[androidx.test:core:1.2.0] AndroidManifest.xml:24:22-69
32    <!--
33    allowBackup: 是否开启应用备份功能(有安全漏洞，建议关闭) (true<默认>: 开启  false: 关闭)
34    supportsRtl: true: Api17及以上使用系统设置的方向 RTL 或 LTR  false<默认>: 使用从左到右的方向(LTR)
35    hardwareAccelerated: true: 开启硬件加速(使用GPU解码)  false<默认>: 关闭硬件加速(使用CPU解码)
36    hasFragileUserData: 卸载APP时 是否保留 用户外部私有目录数据 (true: 保留  false<默认>: 不保留)
37    networkSecurityConfig: Android 10 (API 29)以上默认仅支持 HTTPS 链接, 所以要想使用 HTTP 则需要此配置
38    requestLegacyExternalStorage: 设置外部存储访问模式, 分为 Filtered View(默认) 和 Legacy View, Filtered View模式规定只能自由访问外部存储 APP 私有目录, 访问其他目录需要 MediaStore 或 SAF, Legacy View模式兼容以前版本, 无限制, 参考 https://mp.weixin.qq.com/s/aiDMyAfAZvaYIHuIMLAlcg
39    -->
40    <!-- 应用Icon 在Android8.0及以上 显示制作好的 Icon, 否则显示Android原生机器人调试图标 -->
41    <application
41-->src\main\AndroidManifest.xml:18:5-57:19
42        android:name="com.shijingfeng.app.AppSophixStubApplication"
42-->src\main\AndroidManifest.xml:19:9-49
43        android:allowBackup="false"
43-->src\main\AndroidManifest.xml:25:9-36
44        android:appComponentFactory="androidx.core.app.CoreComponentFactory"
44-->[androidx.core:core:1.3.1] AndroidManifest.xml:24:18-86
45        android:hardwareAccelerated="true"
45-->src\main\AndroidManifest.xml:27:9-43
46        android:hasFragileUserData="true"
46-->src\main\AndroidManifest.xml:28:9-42
47        android:icon="@mipmap/ic_launcher"
47-->src\main\AndroidManifest.xml:21:9-43
48        android:label="@string/app_name"
48-->src\main\AndroidManifest.xml:20:9-41
49        android:networkSecurityConfig="@xml/network_security_config"
49-->src\main\AndroidManifest.xml:29:9-69
50        android:roundIcon="@mipmap/ic_launcher_round"
50-->src\main\AndroidManifest.xml:22:9-54
51        android:supportsRtl="true"
51-->src\main\AndroidManifest.xml:26:9-35
52        android:theme="@style/AppTheme" >
52-->src\main\AndroidManifest.xml:23:9-40
53
54        <!-- 启动页 -->
55        <activity
55-->src\main\AndroidManifest.xml:34:9-41:20
56            android:name="com.shijingfeng.app.ui.activity.SplashActivity"
56-->src\main\AndroidManifest.xml:34:19-61
57            android:theme="@style/ProjectTheme.Launcher" >
57-->src\main\AndroidManifest.xml:35:13-57
58            <intent-filter>
58-->src\main\AndroidManifest.xml:36:13-40:29
59                <action android:name="android.intent.action.MAIN" />
59-->src\main\AndroidManifest.xml:37:17-69
59-->src\main\AndroidManifest.xml:37:25-66
60
61                <category android:name="android.intent.category.LAUNCHER" />
61-->src\main\AndroidManifest.xml:39:17-77
61-->src\main\AndroidManifest.xml:39:27-74
62            </intent-filter>
63        </activity>
64        <!-- 主页 -->
65        <activity
65-->src\main\AndroidManifest.xml:43:9-44:47
66            android:name="com.shijingfeng.app.ui.activity.MainActivity"
66-->src\main\AndroidManifest.xml:43:19-59
67            android:launchMode="singleTask" />
67-->src\main\AndroidManifest.xml:44:13-44
68
69        <!-- 启动页 -->
70        <activity android:name="com.shijingfeng.wan_android.ui.activity.SplashActivity" /> <!-- 登录 Activity -->
70-->[:wan_android] AndroidManifest.xml:62:9-91
70-->[:wan_android] AndroidManifest.xml:62:19-88
71        <activity android:name="com.shijingfeng.wan_android.ui.activity.LoginActivity" /> <!-- 注册 Activity -->
71-->[:wan_android] AndroidManifest.xml:64:9-90
71-->[:wan_android] AndroidManifest.xml:64:19-87
72        <activity android:name="com.shijingfeng.wan_android.ui.activity.RegisterActivity" /> <!-- 首页 Activity -->
72-->[:wan_android] AndroidManifest.xml:66:9-93
72-->[:wan_android] AndroidManifest.xml:66:19-90
73        <activity
73-->[:wan_android] AndroidManifest.xml:68:9-70:47
74            android:name="com.shijingfeng.wan_android.ui.activity.MainActivity"
74-->[:wan_android] AndroidManifest.xml:69:13-80
75            android:launchMode="singleTask" /> <!-- 用户信息 Activity -->
75-->[:wan_android] AndroidManifest.xml:70:13-44
76        <activity android:name="com.shijingfeng.wan_android.ui.activity.UserInfoActivity" /> <!-- 通用WebView页面 -->
76-->[:wan_android] AndroidManifest.xml:72:9-93
76-->[:wan_android] AndroidManifest.xml:72:19-90
77        <activity
77-->[:wan_android] AndroidManifest.xml:74:9-76:62
78            android:name="com.shijingfeng.wan_android.ui.activity.WebViewActivity"
78-->[:wan_android] AndroidManifest.xml:75:13-83
79            android:configChanges="orientation|screenSize" /> <!-- 积分排行榜 Activity -->
79-->[:wan_android] AndroidManifest.xml:76:13-59
80        <activity android:name="com.shijingfeng.wan_android.ui.activity.CoinRankActivity" /> <!-- 积分记录 Activity -->
80-->[:wan_android] AndroidManifest.xml:78:9-93
80-->[:wan_android] AndroidManifest.xml:78:19-90
81        <activity android:name="com.shijingfeng.wan_android.ui.activity.CoinRecordActivity" /> <!-- 我的收藏 Activity -->
81-->[:wan_android] AndroidManifest.xml:80:9-95
81-->[:wan_android] AndroidManifest.xml:80:19-92
82        <activity android:name="com.shijingfeng.wan_android.ui.activity.PersonalCollectionActivity" /> <!-- 系统设置页面 -->
82-->[:wan_android] AndroidManifest.xml:82:9-103
82-->[:wan_android] AndroidManifest.xml:82:19-100
83        <activity android:name="com.shijingfeng.wan_android.ui.activity.SettingActivity" /> <!-- 关于我们 Activity -->
83-->[:wan_android] AndroidManifest.xml:84:9-92
83-->[:wan_android] AndroidManifest.xml:84:19-89
84        <activity android:name="com.shijingfeng.wan_android.ui.activity.AboutUsActivity" /> <!-- 知识体系 详细数据 Activity -->
84-->[:wan_android] AndroidManifest.xml:86:9-92
84-->[:wan_android] AndroidManifest.xml:86:19-89
85        <activity android:name="com.shijingfeng.wan_android.ui.activity.KnowledgeClassifyDetailActivity" /> <!-- 搜索 Activity -->
85-->[:wan_android] AndroidManifest.xml:88:9-108
85-->[:wan_android] AndroidManifest.xml:88:19-105
86        <activity android:name="com.shijingfeng.wan_android.ui.activity.SearchActivity" /> <!-- 搜索列表 Activity -->
86-->[:wan_android] AndroidManifest.xml:90:9-91
86-->[:wan_android] AndroidManifest.xml:90:19-88
87        <activity android:name="com.shijingfeng.wan_android.ui.activity.SearchListActivity" />
87-->[:wan_android] AndroidManifest.xml:92:9-95
87-->[:wan_android] AndroidManifest.xml:92:19-92
88        <activity android:name="com.shijingfeng.wan_android.ui.activity.BmobTestActivity" /> <!-- Bmob内容提供器 -->
88-->[:wan_android] AndroidManifest.xml:93:9-93
88-->[:wan_android] AndroidManifest.xml:93:19-90
89        <provider
89-->[:wan_android] AndroidManifest.xml:96:9-99:40
90            android:name="cn.bmob.v3.util.BmobContentProvider"
90-->[:wan_android] AndroidManifest.xml:97:13-63
91            android:authorities="com.shijingfeng.open_source_collection_kotlin.BmobContentProvider"
91-->[:wan_android] AndroidManifest.xml:98:13-71
92            android:exported="false" />
92-->[:wan_android] AndroidManifest.xml:99:13-37
93        <!--
94         应用更新服务 虽然是单独的进程，但杀死App时该进程也会被杀死
95         格式 :app_update (进程名: applicationId:app_update)
96             .app_update (必须加.) (进程名: .app_update)
97        -->
98        <service
98-->[:background_service] AndroidManifest.xml:21:9-23:46
99            android:name="com.shijingfeng.background_service.service.AppUpgradeService"
99-->[:background_service] AndroidManifest.xml:22:13-88
100            android:process=".app_upgrade" /> <!-- 查看大图 Activity -->
100-->[:background_service] AndroidManifest.xml:23:13-43
101        <activity android:name="com.shijingfeng.common.ui.activity.ViewOriginalImageActivity" /> <!-- 主页 -->
101-->[:common] AndroidManifest.xml:22:9-97
101-->[:common] AndroidManifest.xml:22:19-94
102        <activity
102-->[:todo] AndroidManifest.xml:32:9-34:47
103            android:name="com.shijingfeng.todo.ui.activity.MainActivity"
103-->[:todo] AndroidManifest.xml:33:13-73
104            android:launchMode="singleTask" /> <!-- 添加 待办事项 Activity -->
104-->[:todo] AndroidManifest.xml:34:13-44
105        <activity android:name="com.shijingfeng.todo.ui.activity.AddTodoActivity" /> <!-- 更新 待办事项 Activity -->
105-->[:todo] AndroidManifest.xml:36:9-85
105-->[:todo] AndroidManifest.xml:36:19-82
106        <activity android:name="com.shijingfeng.todo.ui.activity.UpdateTodoActivity" /> <!-- 查看 待办事项 Activity -->
106-->[:todo] AndroidManifest.xml:38:9-88
106-->[:todo] AndroidManifest.xml:38:19-85
107        <activity android:name="com.shijingfeng.todo.ui.activity.ViewTodoActivity" /> <!-- 访问本地文件 Provider -->
107-->[:todo] AndroidManifest.xml:40:9-86
107-->[:todo] AndroidManifest.xml:40:19-83
108        <provider
108-->[:base] AndroidManifest.xml:31:9-39:20
109            android:name="androidx.core.content.FileProvider"
109-->[:base] AndroidManifest.xml:32:13-62
110            android:authorities="com.shijingfeng.open_source_collection_kotlin.FileProvider"
110-->[:base] AndroidManifest.xml:33:13-64
111            android:exported="false"
111-->[:base] AndroidManifest.xml:34:13-37
112            android:grantUriPermissions="true" >
112-->[:base] AndroidManifest.xml:35:13-47
113            <meta-data
113-->[:base] AndroidManifest.xml:36:13-38:53
114                android:name="android.support.FILE_PROVIDER_PATHS"
114-->[:base] AndroidManifest.xml:37:17-67
115                android:resource="@xml/file_path" />
115-->[:base] AndroidManifest.xml:38:17-50
116        </provider> <!-- 配置 Glide 自定义 Module -->
117        <meta-data
117-->[:base] AndroidManifest.xml:42:9-44:43
118            android:name="com.shijingfeng.base.util.image_load.CustomGlide"
118-->[:base] AndroidManifest.xml:43:13-76
119            android:value="CustomGlide" />
119-->[:base] AndroidManifest.xml:44:13-40
120
121        <service
121-->[com.aliyun.ams:alicloud-android-hotfix:3.2.14] AndroidManifest.xml:16:9-24:19
122            android:name="com.taobao.sophix.aidl.DownloadService"
122-->[com.aliyun.ams:alicloud-android-hotfix:3.2.14] AndroidManifest.xml:17:13-66
123            android:exported="true" >
123-->[com.aliyun.ams:alicloud-android-hotfix:3.2.14] AndroidManifest.xml:18:13-36
124            <intent-filter>
124-->[com.aliyun.ams:alicloud-android-hotfix:3.2.14] AndroidManifest.xml:19:13-23:29
125                <action android:name="com.taobao.hotfix.action" />
125-->[com.aliyun.ams:alicloud-android-hotfix:3.2.14] AndroidManifest.xml:20:17-67
125-->[com.aliyun.ams:alicloud-android-hotfix:3.2.14] AndroidManifest.xml:20:25-64
126
127                <category android:name="android.intent.category.DEFAULT" />
127-->[com.aliyun.ams:alicloud-android-hotfix:3.2.14] AndroidManifest.xml:22:17-76
127-->[com.aliyun.ams:alicloud-android-hotfix:3.2.14] AndroidManifest.xml:22:27-73
128            </intent-filter>
129        </service>
130
131        <activity
131-->[com.blankj:utilcodex:1.26.0] AndroidManifest.xml:10:9-15:75
132            android:name="com.blankj.utilcode.util.Utils$TransActivity"
132-->[com.blankj:utilcodex:1.26.0] AndroidManifest.xml:11:13-72
133            android:configChanges="orientation|keyboardHidden|screenSize"
133-->[com.blankj:utilcodex:1.26.0] AndroidManifest.xml:12:13-74
134            android:multiprocess="true"
134-->[com.blankj:utilcodex:1.26.0] AndroidManifest.xml:13:13-40
135            android:theme="@style/ActivityTranslucent"
135-->[com.blankj:utilcodex:1.26.0] AndroidManifest.xml:14:13-55
136            android:windowSoftInputMode="stateHidden|stateAlwaysHidden" />
136-->[com.blankj:utilcodex:1.26.0] AndroidManifest.xml:15:13-72
137
138        <provider
138-->[com.blankj:utilcodex:1.26.0] AndroidManifest.xml:17:9-26:20
139            android:name="com.blankj.utilcode.util.Utils$FileProvider4UtilCode"
139-->[com.blankj:utilcodex:1.26.0] AndroidManifest.xml:18:13-80
140            android:authorities="com.shijingfeng.open_source_collection_kotlin.utilcode.provider"
140-->[com.blankj:utilcodex:1.26.0] AndroidManifest.xml:19:13-69
141            android:exported="false"
141-->[com.blankj:utilcodex:1.26.0] AndroidManifest.xml:20:13-37
142            android:grantUriPermissions="true"
142-->[com.blankj:utilcodex:1.26.0] AndroidManifest.xml:21:13-47
143            android:multiprocess="true" >
143-->[com.blankj:utilcodex:1.26.0] AndroidManifest.xml:22:13-40
144            <meta-data
144-->[:base] AndroidManifest.xml:36:13-38:53
145                android:name="android.support.FILE_PROVIDER_PATHS"
145-->[:base] AndroidManifest.xml:37:17-67
146                android:resource="@xml/util_code_provider_paths" />
146-->[:base] AndroidManifest.xml:38:17-50
147        </provider>
148
149        <service android:name="com.blankj.utilcode.util.MessengerUtils$ServerService" >
149-->[com.blankj:utilcodex:1.26.0] AndroidManifest.xml:28:9-32:19
149-->[com.blankj:utilcodex:1.26.0] AndroidManifest.xml:28:18-86
150            <intent-filter>
150-->[com.blankj:utilcodex:1.26.0] AndroidManifest.xml:29:13-31:29
151                <action android:name="com.shijingfeng.open_source_collection_kotlin.messenger" />
151-->[com.blankj:utilcodex:1.26.0] AndroidManifest.xml:30:17-69
151-->[com.blankj:utilcodex:1.26.0] AndroidManifest.xml:30:25-66
152            </intent-filter>
153        </service>
154
155        <provider
155-->[androidx.lifecycle:lifecycle-process:2.2.0-rc03] AndroidManifest.xml:25:9-29:43
156            android:name="androidx.lifecycle.ProcessLifecycleOwnerInitializer"
156-->[androidx.lifecycle:lifecycle-process:2.2.0-rc03] AndroidManifest.xml:26:13-79
157            android:authorities="com.shijingfeng.open_source_collection_kotlin.lifecycle-process"
157-->[androidx.lifecycle:lifecycle-process:2.2.0-rc03] AndroidManifest.xml:27:13-69
158            android:exported="false"
158-->[androidx.lifecycle:lifecycle-process:2.2.0-rc03] AndroidManifest.xml:28:13-37
159            android:multiprocess="true" />
159-->[androidx.lifecycle:lifecycle-process:2.2.0-rc03] AndroidManifest.xml:29:13-40
160
161        <service
161-->[androidx.work:work-gcm:2.3.1] AndroidManifest.xml:26:9-35:19
162            android:name="androidx.work.impl.background.gcm.WorkManagerGcmService"
162-->[androidx.work:work-gcm:2.3.1] AndroidManifest.xml:27:13-83
163            android:directBootAware="false"
163-->[androidx.work:work-gcm:2.3.1] AndroidManifest.xml:28:13-44
164            android:exported="@bool/enable_gcm_scheduler_default"
164-->[androidx.work:work-gcm:2.3.1] AndroidManifest.xml:29:13-66
165            android:permission="com.google.android.gms.permission.BIND_NETWORK_TASK_SERVICE" >
165-->[androidx.work:work-gcm:2.3.1] AndroidManifest.xml:30:13-93
166            <intent-filter>
166-->[androidx.work:work-gcm:2.3.1] AndroidManifest.xml:32:13-34:29
167                <action android:name="com.google.android.gms.gcm.ACTION_TASK_READY" />
167-->[androidx.work:work-gcm:2.3.1] AndroidManifest.xml:33:17-87
167-->[androidx.work:work-gcm:2.3.1] AndroidManifest.xml:33:25-84
168            </intent-filter>
169        </service>
170        <service
170-->[androidx.work:work-runtime:2.3.1] AndroidManifest.xml:39:9-44:35
171            android:name="androidx.work.impl.background.systemalarm.SystemAlarmService"
171-->[androidx.work:work-runtime:2.3.1] AndroidManifest.xml:40:13-88
172            android:directBootAware="false"
172-->[androidx.work:work-runtime:2.3.1] AndroidManifest.xml:41:13-44
173            android:enabled="@bool/enable_system_alarm_service_default"
173-->[androidx.work:work-runtime:2.3.1] AndroidManifest.xml:42:13-72
174            android:exported="false" />
174-->[androidx.work:work-runtime:2.3.1] AndroidManifest.xml:43:13-37
175        <service
175-->[androidx.work:work-runtime:2.3.1] AndroidManifest.xml:45:9-51:35
176            android:name="androidx.work.impl.background.systemjob.SystemJobService"
176-->[androidx.work:work-runtime:2.3.1] AndroidManifest.xml:46:13-84
177            android:directBootAware="false"
177-->[androidx.work:work-runtime:2.3.1] AndroidManifest.xml:47:13-44
178            android:enabled="@bool/enable_system_job_service_default"
178-->[androidx.work:work-runtime:2.3.1] AndroidManifest.xml:48:13-70
179            android:exported="true"
179-->[androidx.work:work-runtime:2.3.1] AndroidManifest.xml:49:13-36
180            android:permission="android.permission.BIND_JOB_SERVICE" />
180-->[androidx.work:work-runtime:2.3.1] AndroidManifest.xml:50:13-69
181        <service
181-->[androidx.work:work-runtime:2.3.1] AndroidManifest.xml:52:9-57:35
182            android:name="androidx.work.impl.foreground.SystemForegroundService"
182-->[androidx.work:work-runtime:2.3.1] AndroidManifest.xml:53:13-81
183            android:directBootAware="false"
183-->[androidx.work:work-runtime:2.3.1] AndroidManifest.xml:54:13-44
184            android:enabled="@bool/enable_system_foreground_service_default"
184-->[androidx.work:work-runtime:2.3.1] AndroidManifest.xml:55:13-77
185            android:exported="false" />
185-->[androidx.work:work-runtime:2.3.1] AndroidManifest.xml:56:13-37
186
187        <receiver
187-->[androidx.work:work-runtime:2.3.1] AndroidManifest.xml:59:9-64:35
188            android:name="androidx.work.impl.utils.ForceStopRunnable$BroadcastReceiver"
188-->[androidx.work:work-runtime:2.3.1] AndroidManifest.xml:60:13-88
189            android:directBootAware="false"
189-->[androidx.work:work-runtime:2.3.1] AndroidManifest.xml:61:13-44
190            android:enabled="true"
190-->[androidx.work:work-runtime:2.3.1] AndroidManifest.xml:62:13-35
191            android:exported="false" />
191-->[androidx.work:work-runtime:2.3.1] AndroidManifest.xml:63:13-37
192        <receiver
192-->[androidx.work:work-runtime:2.3.1] AndroidManifest.xml:65:9-75:20
193            android:name="androidx.work.impl.background.systemalarm.ConstraintProxy$BatteryChargingProxy"
193-->[androidx.work:work-runtime:2.3.1] AndroidManifest.xml:66:13-106
194            android:directBootAware="false"
194-->[androidx.work:work-runtime:2.3.1] AndroidManifest.xml:67:13-44
195            android:enabled="false"
195-->[androidx.work:work-runtime:2.3.1] AndroidManifest.xml:68:13-36
196            android:exported="false" >
196-->[androidx.work:work-runtime:2.3.1] AndroidManifest.xml:69:13-37
197            <intent-filter>
197-->[androidx.work:work-runtime:2.3.1] AndroidManifest.xml:71:13-74:29
198                <action android:name="android.intent.action.ACTION_POWER_CONNECTED" />
198-->[androidx.work:work-runtime:2.3.1] AndroidManifest.xml:72:17-87
198-->[androidx.work:work-runtime:2.3.1] AndroidManifest.xml:72:25-84
199                <action android:name="android.intent.action.ACTION_POWER_DISCONNECTED" />
199-->[androidx.work:work-runtime:2.3.1] AndroidManifest.xml:73:17-90
199-->[androidx.work:work-runtime:2.3.1] AndroidManifest.xml:73:25-87
200            </intent-filter>
201        </receiver>
202        <receiver
202-->[androidx.work:work-runtime:2.3.1] AndroidManifest.xml:76:9-86:20
203            android:name="androidx.work.impl.background.systemalarm.ConstraintProxy$BatteryNotLowProxy"
203-->[androidx.work:work-runtime:2.3.1] AndroidManifest.xml:77:13-104
204            android:directBootAware="false"
204-->[androidx.work:work-runtime:2.3.1] AndroidManifest.xml:78:13-44
205            android:enabled="false"
205-->[androidx.work:work-runtime:2.3.1] AndroidManifest.xml:79:13-36
206            android:exported="false" >
206-->[androidx.work:work-runtime:2.3.1] AndroidManifest.xml:80:13-37
207            <intent-filter>
207-->[androidx.work:work-runtime:2.3.1] AndroidManifest.xml:82:13-85:29
208                <action android:name="android.intent.action.BATTERY_OKAY" />
208-->[androidx.work:work-runtime:2.3.1] AndroidManifest.xml:83:17-77
208-->[androidx.work:work-runtime:2.3.1] AndroidManifest.xml:83:25-74
209                <action android:name="android.intent.action.BATTERY_LOW" />
209-->[androidx.work:work-runtime:2.3.1] AndroidManifest.xml:84:17-76
209-->[androidx.work:work-runtime:2.3.1] AndroidManifest.xml:84:25-73
210            </intent-filter>
211        </receiver>
212        <receiver
212-->[androidx.work:work-runtime:2.3.1] AndroidManifest.xml:87:9-97:20
213            android:name="androidx.work.impl.background.systemalarm.ConstraintProxy$StorageNotLowProxy"
213-->[androidx.work:work-runtime:2.3.1] AndroidManifest.xml:88:13-104
214            android:directBootAware="false"
214-->[androidx.work:work-runtime:2.3.1] AndroidManifest.xml:89:13-44
215            android:enabled="false"
215-->[androidx.work:work-runtime:2.3.1] AndroidManifest.xml:90:13-36
216            android:exported="false" >
216-->[androidx.work:work-runtime:2.3.1] AndroidManifest.xml:91:13-37
217            <intent-filter>
217-->[androidx.work:work-runtime:2.3.1] AndroidManifest.xml:93:13-96:29
218                <action android:name="android.intent.action.DEVICE_STORAGE_LOW" />
218-->[androidx.work:work-runtime:2.3.1] AndroidManifest.xml:94:17-83
218-->[androidx.work:work-runtime:2.3.1] AndroidManifest.xml:94:25-80
219                <action android:name="android.intent.action.DEVICE_STORAGE_OK" />
219-->[androidx.work:work-runtime:2.3.1] AndroidManifest.xml:95:17-82
219-->[androidx.work:work-runtime:2.3.1] AndroidManifest.xml:95:25-79
220            </intent-filter>
221        </receiver>
222        <receiver
222-->[androidx.work:work-runtime:2.3.1] AndroidManifest.xml:98:9-107:20
223            android:name="androidx.work.impl.background.systemalarm.ConstraintProxy$NetworkStateProxy"
223-->[androidx.work:work-runtime:2.3.1] AndroidManifest.xml:99:13-103
224            android:directBootAware="false"
224-->[androidx.work:work-runtime:2.3.1] AndroidManifest.xml:100:13-44
225            android:enabled="false"
225-->[androidx.work:work-runtime:2.3.1] AndroidManifest.xml:101:13-36
226            android:exported="false" >
226-->[androidx.work:work-runtime:2.3.1] AndroidManifest.xml:102:13-37
227            <intent-filter>
227-->[androidx.work:work-runtime:2.3.1] AndroidManifest.xml:104:13-106:29
228                <action android:name="android.net.conn.CONNECTIVITY_CHANGE" />
228-->[androidx.work:work-runtime:2.3.1] AndroidManifest.xml:105:17-79
228-->[androidx.work:work-runtime:2.3.1] AndroidManifest.xml:105:25-76
229            </intent-filter>
230        </receiver>
231        <receiver
231-->[androidx.work:work-runtime:2.3.1] AndroidManifest.xml:108:9-119:20
232            android:name="androidx.work.impl.background.systemalarm.RescheduleReceiver"
232-->[androidx.work:work-runtime:2.3.1] AndroidManifest.xml:109:13-88
233            android:directBootAware="false"
233-->[androidx.work:work-runtime:2.3.1] AndroidManifest.xml:110:13-44
234            android:enabled="false"
234-->[androidx.work:work-runtime:2.3.1] AndroidManifest.xml:111:13-36
235            android:exported="false" >
235-->[androidx.work:work-runtime:2.3.1] AndroidManifest.xml:112:13-37
236            <intent-filter>
236-->[androidx.work:work-runtime:2.3.1] AndroidManifest.xml:114:13-118:29
237                <action android:name="android.intent.action.BOOT_COMPLETED" />
237-->[androidx.work:work-runtime:2.3.1] AndroidManifest.xml:115:17-79
237-->[androidx.work:work-runtime:2.3.1] AndroidManifest.xml:115:25-76
238                <action android:name="android.intent.action.TIME_SET" />
238-->[androidx.work:work-runtime:2.3.1] AndroidManifest.xml:116:17-73
238-->[androidx.work:work-runtime:2.3.1] AndroidManifest.xml:116:25-70
239                <action android:name="android.intent.action.TIMEZONE_CHANGED" />
239-->[androidx.work:work-runtime:2.3.1] AndroidManifest.xml:117:17-81
239-->[androidx.work:work-runtime:2.3.1] AndroidManifest.xml:117:25-78
240            </intent-filter>
241        </receiver>
242        <receiver
242-->[androidx.work:work-runtime:2.3.1] AndroidManifest.xml:120:9-129:20
243            android:name="androidx.work.impl.background.systemalarm.ConstraintProxyUpdateReceiver"
243-->[androidx.work:work-runtime:2.3.1] AndroidManifest.xml:121:13-99
244            android:directBootAware="false"
244-->[androidx.work:work-runtime:2.3.1] AndroidManifest.xml:122:13-44
245            android:enabled="@bool/enable_system_alarm_service_default"
245-->[androidx.work:work-runtime:2.3.1] AndroidManifest.xml:123:13-72
246            android:exported="false" >
246-->[androidx.work:work-runtime:2.3.1] AndroidManifest.xml:124:13-37
247            <intent-filter>
247-->[androidx.work:work-runtime:2.3.1] AndroidManifest.xml:126:13-128:29
248                <action android:name="androidx.work.impl.background.systemalarm.UpdateProxies" />
248-->[androidx.work:work-runtime:2.3.1] AndroidManifest.xml:127:17-98
248-->[androidx.work:work-runtime:2.3.1] AndroidManifest.xml:127:25-95
249            </intent-filter>
250        </receiver>
251
252        <activity
252-->[com.google.android.gms:play-services-base:17.0.0] AndroidManifest.xml:23:9-26:75
253            android:name="com.google.android.gms.common.api.GoogleApiActivity"
253-->[com.google.android.gms:play-services-base:17.0.0] AndroidManifest.xml:24:13-79
254            android:exported="false"
254-->[com.google.android.gms:play-services-base:17.0.0] AndroidManifest.xml:25:13-37
255            android:theme="@android:style/Theme.Translucent.NoTitleBar" />
255-->[com.google.android.gms:play-services-base:17.0.0] AndroidManifest.xml:26:13-72
256
257        <meta-data
257-->[com.google.android.gms:play-services-basement:17.0.0] AndroidManifest.xml:23:9-25:69
258            android:name="com.google.android.gms.version"
258-->[com.google.android.gms:play-services-basement:17.0.0] AndroidManifest.xml:24:13-58
259            android:value="@integer/google_play_services_version" />
259-->[com.google.android.gms:play-services-basement:17.0.0] AndroidManifest.xml:25:13-66
260
261        <service
261-->[androidx.room:room-runtime:2.2.3] AndroidManifest.xml:25:9-27:40
262            android:name="androidx.room.MultiInstanceInvalidationService"
262-->[androidx.room:room-runtime:2.2.3] AndroidManifest.xml:26:13-74
263            android:exported="false" />
263-->[androidx.room:room-runtime:2.2.3] AndroidManifest.xml:27:13-37
264
265        <activity